(c) Copyright IBM Corporation 1993,2007
Command Line Processor for DB2 Client 11.5.9.0

You can issue database manager commands and SQL statements from the command 
prompt. For example:
    db2 => connect to sample
    db2 => bind sample.bnd

For general help, type: ?.
For command help, type: ? command, where command can be
the first few keywords of a database manager command. For example:
 ? CATALOG DATABASE for help on the CATALOG DATABASE command
 ? CATALOG          for help on all of the CATALOG commands.

To exit db2 interactive mode, type QUIT at the command prompt. Outside 
interactive mode, all commands must be prefixed with 'db2'.
To list the current command option settings, type LIST COMMAND OPTIONS.

For more detailed help, refer to the Online Reference Manual.

db2 => db2 => db2 => db2 => db2 => CONNECT TO COMP421

   Database Connection Information

 Database server        = DB2/LINUXX8664 11.5.9.0
 SQL authorization ID   = CS421G10...
 Local database alias   = COMP421


db2 => db2 => db2 => db2 => db2 => db2 => db2 => DROP TABLE Employee
DB20000I  The SQL command completed successfully.

db2 => DROP TABLE Chef
DB20000I  The SQL command completed successfully.

db2 => DROP TABLE Manager
DB20000I  The SQL command completed successfully.

db2 => DROP TABLE Waiter
DB20000I  The SQL command completed successfully.

db2 => DROP TABLE Host
DB20000I  The SQL command completed successfully.

db2 => DROP TABLE Ingredient
DB20000I  The SQL command completed successfully.

db2 => DROP TABLE Supplier
DB20000I  The SQL command completed successfully.

db2 => DROP TABLE Table
DB20000I  The SQL command completed successfully.

db2 => DROP TABLE Bill
DB20000I  The SQL command completed successfully.

db2 => DROP TABLE Reservation
DB20000I  The SQL command completed successfully.

db2 => DROP TABLE Seats
DB20000I  The SQL command completed successfully.

db2 => DROP TABLE ServesCheque
DB20000I  The SQL command completed successfully.

db2 => DROP TABLE Assignment
DB20000I  The SQL command completed successfully.

db2 => DROP TABLE Attends
DB20000I  The SQL command completed successfully.

db2 => DROP TABLE Contains
DB20000I  The SQL command completed successfully.

db2 => DROP TABLE Modifies
DB20000I  The SQL command completed successfully.

db2 => DROP TABLE MakesUp
DB20000I  The SQL command completed successfully.

db2 => DROP TABLE Orders
DB20000I  The SQL command completed successfully.

db2 => DROP TABLE MenuItem
DB20000I  The SQL command completed successfully.

db2 => db2 => 