(c) Copyright IBM Corporation 1993,2007
Command Line Processor for DB2 Client 11.5.9.0

You can issue database manager commands and SQL statements from the command 
prompt. For example:
    db2 => connect to sample
    db2 => bind sample.bnd

For general help, type: ?.
For command help, type: ? command, where command can be
the first few keywords of a database manager command. For example:
 ? CATALOG DATABASE for help on the CATALOG DATABASE command
 ? CATALOG          for help on all of the CATALOG commands.

To exit db2 interactive mode, type QUIT at the command prompt. Outside 
interactive mode, all commands must be prefixed with 'db2'.
To list the current command option settings, type LIST COMMAND OPTIONS.

For more detailed help, refer to the Online Reference Manual.

db2 => db2 => db2 => db2 => db2 => CONNECT TO COMP421

   Database Connection Information

 Database server        = DB2/LINUXX8664 11.5.9.0
 SQL authorization ID   = CS421G10...
 Local database alias   = COMP421


db2 => db2 => db2 => db2 => db2 => db2 => db2 => db2 (cont.) => db2 (cont.) => db2 (cont.) => db2 (cont.) => db2 (cont.) => db2 (cont.) => db2 (cont.) => db2 (cont.) => db2 (cont.) => db2 (cont.) => db2 (cont.) => db2 (cont.) => db2 (cont.) => db2 (cont.) => db2 (cont.) => db2 (cont.) => db2 (cont.) => db2 (cont.) => db2 (cont.) => db2 (cont.) => INSERT INTO Employee (eid, fname, lname, shift, wage) VALUES (1, 'John', 'Smith', 'breakfast', 15.50), (2, 'Emma', 'Johnson', 'lunch', 14.00), (3, 'Michael', 'Brown', 'dinner', 16.75), (4, 'Sophia', 'Davis', 'breakfast', 15.00), (5, 'James', 'Wilson', 'lunch', 14.50), (6, 'Olivia', 'Martinez', 'dinner', 16.00), (7, 'William', 'Anderson', 'breakfast', 15.25), (8, 'Ava', 'Taylor', 'lunch', 14.75), (9, 'Benjamin', 'Thomas', 'dinner', 16.50), (10, 'Isabella', 'Hernandez', 'breakfast', 15.75), (11, 'Ethan', 'Moore', 'lunch', 14.25), (12, 'Mia', 'Garcia', 'dinner', 16.25), (13, 'Alexander', 'Lopez', 'breakfast', 15.30), (14, 'Charlotte', 'Gonzalez', 'lunch', 14.60), (15, 'Daniel', 'Rodriguez', 'dinner', 16.80), (16, 'Ella', 'Perez', 'breakfast', 15.40), (17, 'Matthew', 'Harris', 'lunch', 14.90), (18, 'Scarlett', 'Clark', 'dinner', 16.10), (19, 'Henry', 'Lewis', 'breakfast', 15.20), (20, 'Amelia', 'Walker', 'lunch', 14.30)
DB20000I  The SQL command completed successfully.

db2 => db2 => db2 (cont.) => db2 (cont.) => db2 (cont.) => db2 (cont.) => db2 (cont.) => INSERT INTO Chef (eid, rank) VALUES (1, 3), (6, 2), (11, 1), (16, 4), (9, 2)
DB20000I  The SQL command completed successfully.

db2 => db2 => db2 (cont.) => db2 (cont.) => db2 (cont.) => db2 (cont.) => db2 (cont.) => INSERT INTO Host (eid) VALUES (2), (7), (12), (17), (20)
DB20000I  The SQL command completed successfully.

db2 => db2 => db2 (cont.) => db2 (cont.) => db2 (cont.) => db2 (cont.) => db2 (cont.) => INSERT INTO Manager (eid) VALUES (3), (8), (13), (18), (5)
DB20000I  The SQL command completed successfully.

db2 => db2 => db2 (cont.) => db2 (cont.) => db2 (cont.) => db2 (cont.) => db2 (cont.) => INSERT INTO Waiter (eid) VALUES (4), (10), (15), (19), (14)
DB20000I  The SQL command completed successfully.

db2 => db2 => db2 (cont.) => db2 (cont.) => db2 (cont.) => db2 (cont.) => db2 (cont.) => db2 (cont.) => db2 (cont.) => db2 (cont.) => db2 (cont.) => db2 (cont.) => db2 (cont.) => db2 (cont.) => db2 (cont.) => db2 (cont.) => db2 (cont.) => db2 (cont.) => db2 (cont.) => db2 (cont.) => db2 (cont.) => db2 (cont.) => INSERT INTO Ingredient (name, stock) VALUES ('Flour', 50.50), ('Sugar', 30.00), ('Salt', 20.75), ('Pepper', 15.25), ('Butter', 25.50), ('Eggs', 90.00), ('Milk', 40.30), ('Cheese', 22.80), ('Chicken', 35.00), ('Beef', 27.60), ('Pork', 18.40), ('Fish', 12.00), ('Rice', 60.00), ('Pasta', 45.50), ('Tomato', 33.20), ('Onion', 28.70), ('Garlic', 14.80), ('Carrot', 20.10), ('Lettuce', 17.50), ('Mushroom', 10.30)
DB20000I  The SQL command completed successfully.

db2 => db2 => db2 (cont.) => db2 (cont.) => db2 (cont.) => db2 (cont.) => db2 (cont.) => INSERT INTO Supplier (supplierId, name, email, phone) VALUES (1, 'Fresh Farms', 'fresh@farm.com', '1234567890'), (2, 'Dairy Best', 'dairy@best.com', '2345678901'), (3, 'Meat Co.', 'meat@co.com', '3456789012'), (4, 'Veggie Mart', 'veggie@mart.com', '4567890123'), (5, 'Bakers Hub', 'bakers@hub.com', '5678901234')
DB20000I  The SQL command completed successfully.

db2 => db2 => db2 (cont.) => db2 (cont.) => db2 (cont.) => db2 (cont.) => db2 (cont.) => db2 (cont.) => db2 (cont.) => db2 (cont.) => db2 (cont.) => db2 (cont.) => INSERT INTO Table (tableNumber, size) VALUES (1, 2), (2, 4), (3, 6), (4, 8), (5, 2), (6, 4), (7, 6), (8, 8), (9, 2), (10, 4)
DB20000I  The SQL command completed successfully.

db2 => db2 => db2 (cont.) => db2 (cont.) => db2 (cont.) => db2 (cont.) => db2 (cont.) => db2 (cont.) => db2 (cont.) => db2 (cont.) => db2 (cont.) => db2 (cont.) => db2 (cont.) => db2 (cont.) => db2 (cont.) => db2 (cont.) => db2 (cont.) => db2 (cont.) => db2 (cont.) => db2 (cont.) => db2 (cont.) => db2 (cont.) => db2 (cont.) => db2 (cont.) => db2 (cont.) => db2 (cont.) => db2 (cont.) => db2 (cont.) => db2 (cont.) => db2 (cont.) => db2 (cont.) => db2 (cont.) => db2 (cont.) => db2 (cont.) => db2 (cont.) => db2 (cont.) => db2 (cont.) => db2 (cont.) => db2 (cont.) => db2 (cont.) => db2 (cont.) => db2 (cont.) => db2 (cont.) => db2 (cont.) => db2 (cont.) => db2 (cont.) => db2 (cont.) => db2 (cont.) => db2 (cont.) => db2 (cont.) => db2 (cont.) => db2 (cont.) => db2 (cont.) => db2 (cont.) => db2 (cont.) => db2 (cont.) => db2 (cont.) => db2 (cont.) => db2 (cont.) => db2 (cont.) => db2 (cont.) => db2 (cont.) => db2 (cont.) => db2 (cont.) => db2 (cont.) => db2 (cont.) => db2 (cont.) => db2 (cont.) => db2 (cont.) => db2 (cont.) => db2 (cont.) => db2 (cont.) => db2 (cont.) => db2 (cont.) => INSERT INTO Bill (billId, date, time, amtPaid) VALUES (1, '2024-03-01', '08:15:30', 25.75), (2, '2024-03-01', '12:45:10', 45.20), (3, '2024-03-01', '19:30:55', 78.90), (4, '2024-03-02', '09:05:40', 32.50), (5, '2024-03-02', '13:15:20', 56.75), (6, '2024-03-02', '20:10:30', 90.30), (7, '2024-03-03', '07:50:25', 22.40), (8, '2024-03-03', '14:05:15', 63.10), (9, '2024-03-03', '18:25:45', 85.60), (10, '2024-03-04', '08:20:10', 28.90), (11, '2024-03-04', '12:55:50', 47.25), (12, '2024-03-04', '19:05:35', 72.40), (13, '2024-03-05', '09:30:15', 34.80), (14, '2024-03-05', '13:40:05', 59.20), (15, '2024-03-05', '20:20:50', 95.10), (16, '2024-03-06', '07:45:30', 21.75), (17, '2024-03-06', '14:25:20', 64.90), (18, '2024-03-06', '18:40:15', 88.50), (19, '2024-03-07', '08:35:10', 30.25), (20, '2024-03-07', '12:20:55', 51.30), (21, '2024-03-07', '19:15:40', 79.60), (22, '2024-03-08', '09:10:30', 26.90), (23, '2024-03-08', '13:10:20', 55.40), (24, '2024-03-08', '20:05:25', 91.20), (25, '2024-03-09', '07:40:15', 23.50), (26, '2024-03-09', '14:50:10', 66.30), (27, '2024-03-09', '18:10:55', 87.75), (28, '2024-03-10', '08:25:40', 31.20), (29, '2024-03-10', '12:30:50', 49.90), (30, '2024-03-10', '19:45:35', 76.80), (31, '2024-03-11', '09:05:20', 27.40), (32, '2024-03-11', '13:35:15', 58.10), (33, '2024-03-11', '20:30:50', 94.50), (34, '2024-03-12', '07:50:10', 22.75), (35, '2024-03-12', '14:10:55', 65.20), (36, '2024-03-12', '18:55:30', 86.40), (37, '2024-03-13', '08:20:25', 29.50), (38, '2024-03-13', '12:50:05', 52.75), (39, '2024-03-13', '19:20:40', 78.90), (40, '2024-03-14', '09:15:35', 33.30), (41, '2024-03-14', '13:25:25', 57.40), (42, '2024-03-14', '20:40:10', 92.30), (43, '2024-03-15', '07:30:50', 21.90), (44, '2024-03-15', '14:55:20', 67.80), (45, '2024-03-15', '18:15:15', 89.20), (46, '2024-03-16', '08:45:10', 32.10), (47, '2024-03-16', '12:40:55', 50.40), (48, '2024-03-16', '19:10:30', 75.60), (49, '2024-03-17', '09:25:20', 28.70), (50, '2024-03-17', '13:15:05', 54.30), (51, '2024-03-17', '20:25:45', 96.10), (52, '2024-03-18', '07:55:35', 22.40), (53, '2024-03-18', '14:20:10', 66.90), (54, '2024-03-18', '18:35:25', 85.50), (55, '2024-03-19', '08:30:50', 30.50), (56, '2024-03-19', '12:25:40', 48.80), (57, '2024-03-19', '19:35:10', 77.20), (58, '2024-03-20', '09:05:30', 26.40), (59, '2024-03-20', '13:45:15', 59.70), (60, '2024-03-20', '20:50:55', 95.50), (61, '2024-03-21', '07:40:25', 23.90), (62, '2024-03-21', '14:55:35', 68.30), (63, '2024-03-21', '18:20:10', 87.60), (64, '2024-03-22', '08:50:50', 31.40), (65, '2024-03-22', '12:10:45', 49.30), (66, '2024-03-22', '19:15:30', 74.90), (67, '2024-03-23', '09:35:20', 27.80), (68, '2024-03-23', '13:05:15', 55.10), (69, '2024-03-23', '20:45:50', 93.20), (70, '2024-03-24', '07:20:10', 22.10), (71, '2024-03-24', '14:30:55', 67.50), (72, '2024-03-24', '18:10:40', 86.90)
DB20000I  The SQL command completed successfully.

db2 => db2 => db2 (cont.) => db2 (cont.) => db2 (cont.) => db2 (cont.) => db2 (cont.) => db2 (cont.) => db2 (cont.) => db2 (cont.) => db2 (cont.) => db2 (cont.) => db2 (cont.) => db2 (cont.) => INSERT INTO Reservation (resId, fName, lName, date, time, size, hostId) VALUES (1, 'John', 'Doe', '2024-03-10', '18:30:00', 4, 2), (2, 'Emma', 'Smith', '2024-03-11', '19:00:00', 2, 7), (3, 'Michael', 'Johnson', '2024-03-12', '20:15:00', 6, 12), (4, 'Sophia', 'Brown', '2024-03-13', '18:45:00', 8, 17), (5, 'James', 'Davis', '2024-03-14', '19:30:00', 4, 20), (6, 'Olivia', 'Miller', '2024-03-15', '18:00:00', 2, 2), (7, 'William', 'Wilson', '2024-03-16', '20:00:00', 6, 7), (8, 'Ava', 'Martinez', '2024-03-17', '19:45:00', 8, 12), (9, 'Benjamin', 'Garcia', '2024-03-18', '18:20:00', 4, 17), (10, 'Isabella', 'Lopez', '2024-03-19', '19:10:00', 2, 20), (11, 'Ethan', 'Hernandez', '2024-03-20', '20:30:00', 6, 2), (12, 'Mia', 'Rodriguez', '2024-03-21', '18:10:00', 8, 7)
DB20000I  The SQL command completed successfully.

db2 => db2 => db2 (cont.) => db2 (cont.) => db2 (cont.) => db2 (cont.) => db2 (cont.) => INSERT INTO MenuItem (name, description, price) VALUES ('Grilled Chicken Salad', 'A healthy option, high in protein and low in carbs. Gluten-free.', 15.99), ('Vegetarian Pasta', 'Contains dairy, ideal for vegetarians, but not vegan. Can be made gluten-free on request.', 25.50), ('Beef Burger', 'Classic beef burger with cheese and fries. Contains gluten and dairy.', 23.75), ('Vegan Tacos', 'A plant-based dish, fully vegan and gluten-free, with spicy salsa.', 11.20), ('Caesar Salad', 'Contains dairy and gluten, includes croutons and creamy Caesar dressing.', 18.50)
DB20000I  The SQL command completed successfully.

db2 => db2 => db2 => db2 (cont.) => db2 (cont.) => db2 (cont.) => db2 (cont.) => db2 (cont.) => db2 (cont.) => db2 (cont.) => db2 (cont.) => db2 (cont.) => db2 (cont.) => db2 (cont.) => db2 (cont.) => db2 (cont.) => db2 (cont.) => db2 (cont.) => db2 (cont.) => db2 (cont.) => db2 (cont.) => db2 (cont.) => db2 (cont.) => db2 (cont.) => db2 (cont.) => INSERT INTO Seats (tableNumber, hostId, time) VALUES (1, 2, '09:05:00'), (2, 3, '10:10:00'), (3, 4, '11:15:00'), (4, 5, '12:20:00'), (5, 1, '13:25:00'), (6, 2, '14:30:00'), (7, 3, '15:35:00'), (8, 4, '16:40:00'), (9, 5, '17:45:00'), (10, 1, '18:50:00'), INSERT INTO ServesCheque (tableNumber, billId, time, waiterId) VALUES (1, 1, '09:05:00', 4), (2, 2, '10:10:00', 10), (3, 3, '11:15:00', 15), (4, 4, '12:20:00', 19), (5, 5, '13:25:00', 14), (6, 6, '14:30:00', 7), (7, 7, '15:35:00', 8), (8, 8, '16:40:00', 9), (9, 9, '17:45:00', 5), (10, 10, '18:50:00', 12)
DB21034E  The command was processed as an SQL statement because it was not a 
valid Command Line Processor command.  During SQL processing it returned:
SQL0104N  An unexpected token "INTO" was found following "'18:50:00'), 
INSERT".  Expected tokens may include:  "IN".  SQLSTATE=42601

db2 => db2 => db2 (cont.) => db2 (cont.) => db2 (cont.) => db2 (cont.) => db2 (cont.) => db2 (cont.) => db2 (cont.) => db2 (cont.) => db2 (cont.) => db2 (cont.) => INSERT INTO Assignment (tableNumber, resId) VALUES (1, 1), (2, 2), (3, 3), (4, 4), (5, 5), (6, 6), (7, 7), (8, 8), (9, 9), (10, 10)
DB20000I  The SQL command completed successfully.

db2 => db2 => db2 (cont.) => db2 (cont.) => db2 (cont.) => db2 (cont.) => db2 (cont.) => db2 (cont.) => db2 (cont.) => db2 (cont.) => db2 (cont.) => db2 (cont.) => INSERT INTO Attends (waiterId, tableNumber) VALUES (1, 1), (2, 2), (3, 3), (4, 4), (5, 5), (6, 6), (7, 7), (8, 8), (9, 9), (10, 10)
DB21034E  The command was processed as an SQL statement because it was not a 
valid Command Line Processor command.  During SQL processing it returned:
SQL0530N  The insert or update value of the FOREIGN KEY 
"CS421G109.ATTENDS.SQL250307154050000" is not equal to any value of the parent 
key of the parent table.  SQLSTATE=23503

db2 => db2 => db2 (cont.) => db2 (cont.) => db2 (cont.) => db2 (cont.) => db2 (cont.) => db2 (cont.) => db2 (cont.) => db2 (cont.) => db2 (cont.) => db2 (cont.) => db2 (cont.) => db2 (cont.) => db2 (cont.) => db2 (cont.) => db2 (cont.) => db2 (cont.) => db2 (cont.) => db2 (cont.) => db2 (cont.) => db2 (cont.) => db2 (cont.) => db2 (cont.) => db2 (cont.) => db2 (cont.) => db2 (cont.) => db2 (cont.) => db2 (cont.) => db2 (cont.) => db2 (cont.) => db2 (cont.) => db2 (cont.) => db2 (cont.) => db2 (cont.) => db2 (cont.) => db2 (cont.) => db2 (cont.) => db2 (cont.) => db2 (cont.) => db2 (cont.) => db2 (cont.) => db2 (cont.) => db2 (cont.) => db2 (cont.) => db2 (cont.) => db2 (cont.) => db2 (cont.) => db2 (cont.) => db2 (cont.) => db2 (cont.) => db2 (cont.) => db2 (cont.) => db2 (cont.) => db2 (cont.) => db2 (cont.) => db2 (cont.) => db2 (cont.) => db2 (cont.) => db2 (cont.) => db2 (cont.) => db2 (cont.) => db2 (cont.) => db2 (cont.) => db2 (cont.) => db2 (cont.) => db2 (cont.) => db2 (cont.) => db2 (cont.) => db2 (cont.) => db2 (cont.) => db2 (cont.) => db2 (cont.) => db2 (cont.) => db2 (cont.) => INSERT INTO Contains (itemName, billId) VALUES ('Grilled Chicken Salad', 1), ('Vegetarian Pasta', 1), ('Beef Burger', 2), ('Vegan Tacos', 3), ('Caesar Salad', 4), ('Grilled Chicken Salad', 5), ('Vegetarian Pasta', 6), ('Beef Burger', 7), ('Vegan Tacos', 8), ('Caesar Salad', 9), ('Grilled Chicken Salad', 10), ('Vegetarian Pasta', 11), ('Beef Burger', 12), ('Vegan Tacos', 13), ('Caesar Salad', 14), ('Grilled Chicken Salad', 15), ('Vegetarian Pasta', 16), ('Beef Burger', 17), ('Vegan Tacos', 18), ('Caesar Salad', 19), ('Grilled Chicken Salad', 20), ('Vegetarian Pasta', 21), ('Beef Burger', 22), ('Vegan Tacos', 23), ('Caesar Salad', 24), ('Grilled Chicken Salad', 25), ('Vegetarian Pasta', 26), ('Beef Burger', 27), ('Vegan Tacos', 28), ('Caesar Salad', 29), ('Grilled Chicken Salad', 30), ('Vegetarian Pasta', 31), ('Beef Burger', 32), ('Vegan Tacos', 33), ('Caesar Salad', 34), ('Grilled Chicken Salad', 35), ('Vegetarian Pasta', 36), ('Beef Burger', 37), ('Vegan Tacos', 38), ('Caesar Salad', 39), ('Grilled Chicken Salad', 40), ('Vegetarian Pasta', 41), ('Beef Burger', 42), ('Vegan Tacos', 43), ('Caesar Salad', 44), ('Grilled Chicken Salad', 45), ('Vegetarian Pasta', 46), ('Beef Burger', 47), ('Vegan Tacos', 48), ('Caesar Salad', 49), ('Grilled Chicken Salad', 50), ('Vegetarian Pasta', 51), ('Beef Burger', 52), ('Vegan Tacos', 53), ('Caesar Salad', 54), ('Grilled Chicken Salad', 55), ('Vegetarian Pasta', 56), ('Beef Burger', 57), ('Vegan Tacos', 58), ('Caesar Salad', 59), ('Grilled Chicken Salad', 60), ('Vegetarian Pasta', 61), ('Beef Burger', 62), ('Vegan Tacos', 63), ('Caesar Salad', 64), ('Grilled Chicken Salad', 65), ('Vegetarian Pasta', 66), ('Beef Burger', 67), ('Vegan Tacos', 68), ('Caesar Salad', 69), ('Grilled Chicken Salad', 70), ('Vegetarian Pasta', 71), ('Beef Burger', 72)
DB20000I  The SQL command completed successfully.

db2 => db2 => db2 (cont.) => db2 (cont.) => db2 (cont.) => db2 (cont.) => db2 (cont.) => db2 (cont.) => db2 (cont.) => db2 (cont.) => db2 (cont.) => db2 (cont.) => INSERT INTO Modifies (chefId, managerId, itemName) VALUES (1, 3, 'Grilled Chicken Salad'), (6, 8, 'Vegetarian Pasta'), (11, 13, 'Beef Burger'), (16, 18, 'Vegan Tacos'), (9, 5, 'Caesar Salad'), (1, 8, 'Grilled Chicken Salad'), (6, 13, 'Vegetarian Pasta'), (11, 18, 'Beef Burger'), (16, 5, 'Vegan Tacos'), (9, 3, 'Caesar Salad')
DB20000I  The SQL command completed successfully.

db2 => db2 => db2 (cont.) => db2 (cont.) => db2 (cont.) => db2 (cont.) => db2 (cont.) => db2 (cont.) => db2 (cont.) => db2 (cont.) => db2 (cont.) => db2 (cont.) => db2 (cont.) => db2 (cont.) => db2 (cont.) => INSERT INTO MakesUp (ingredientName, itemName) VALUES ('Chicken', 'Grilled Chicken Salad'), ('Lettuce', 'Grilled Chicken Salad'), ('Tomato', 'Grilled Chicken Salad'), ('Pasta', 'Vegetarian Pasta'), ('Mushroom', 'Vegetarian Pasta'), ('Cheese', 'Vegetarian Pasta'), ('Beef', 'Beef Burger'), ('Lettuce', 'Beef Burger'), ('Tomato', 'Beef Burger'), ('Onion', 'Beef Burger'), ('Cheese', 'Beef Burger'), ('Lettuce', 'Vegan Tacos'), ('Garlic', 'Caesar Salad')
DB20000I  The SQL command completed successfully.

db2 => db2 => db2 (cont.) => db2 (cont.) => db2 (cont.) => db2 (cont.) => db2 (cont.) => db2 (cont.) => db2 (cont.) => db2 (cont.) => db2 (cont.) => db2 (cont.) => INSERT INTO Orders (managerId, ingredientName, supplierId, quantity, date) VALUES (13, 'Chicken', 1, 50, '2024-03-01'), (18, 'Lettuce', 2, 100, '2024-03-02'), (5, 'Tomato', 3, 75, '2024-03-03'), (3, 'Pasta', 4, 60, '2024-03-04'), (8, 'Cheese', 5, 40, '2024-03-05'), (18, 'Garlic', 4, 15, '2024-03-09'), (18, 'Lettuce', 5, 50, '2024-03-10'), (3, 'Cheese', 1, 20, '2024-03-11'), (5, 'Onion', 1, 50, '2024-03-16'), (3, 'Tomato', 2, 75, '2024-03-17')
DB20000I  The SQL command completed successfully.

db2 => db2 => 